10/23/22 18:53:  command not found: ki
10/23/22 18:53:  kiosk stopped
10/23/22 19:41:  kiosk checked status
10/23/22 19:41:  kiosk stopped
10/23/22 20:13:  boot complete
10/23/22 20:13:  started server
10/23/22 20:13:  boot complete
10/23/22 20:34:  started server
10/23/22 20:34:  boot complete
10/23/22 20:34:  ERR: No internet connection: exit
10/23/22 20:37:  started server
10/23/22 20:37:  boot complete
10/23/22 20:40:  kiosk stopped
10/23/22 20:37:  ERR: No internet connection: exit
10/23/22 20:45:  kiosk stopped
10/23/22 20:45:  command not found: kiosk_disable
10/23/22 21:00:  waiting for network...
10/23/22 21:01:  waiting for network...
10/23/22 21:02:  waiting for network...
10/23/22 21:02:  waiting for network...
10/23/22 21:03:  waiting for network...
10/23/22 21:04:  waiting for network...
10/23/22 21:04:  Network timeout. exit
10/23/22 21:05:  waiting for network...
10/23/22 21:08:  waiting for network...
10/23/22 21:09:  waiting for network...
10/23/22 21:12:  command not found: bo
10/23/22 21:19:  waiting for network...
10/23/22 21:19:  server is active
10/23/22 21:19:  boot complete
10/23/22 21:27:  kiosk enabled
10/23/22 21:27:  kiosk start
10/23/22 21:28:  waiting for network...
10/23/22 21:28:  server is active
10/23/22 21:28:  boot complete
10/23/22 21:29:  command not found: 
10/23/22 21:30:  kiosk checked status
10/23/22 21:31:  kiosk enabled
10/23/22 21:31:  kiosk checked status
10/23/22 21:39:  kiosk enabled
10/23/22 21:39:  kiosk start
10/23/22 21:39:  kiosk checked status
10/23/22 21:40:  waiting for network...
10/23/22 21:40:  server is active
10/23/22 21:40:  boot complete
10/23/22 21:41:  kiosk checked status
10/23/22 21:42:  kiosk checked status
10/23/22 21:42:  kiosk stopped
10/23/22 21:43:  kiosk checked status
10/23/22 21:43:  kiosk disabled
10/23/22 21:43:  kiosk checked status
10/23/22 21:43:  kiosk enabled
10/23/22 21:43:  kiosk checked status
10/23/22 21:45:  kiosk stopped
10/23/22 21:46:  kiosk disabled
10/23/22 21:46:  command not found: kiosk_eable
10/23/22 21:46:  kiosk enabled
10/23/22 21:46:  kiosk start
10/23/22 21:46:  kiosk start
10/23/22 21:52:  waiting for network...
10/23/22 21:52:  server is active
10/23/22 21:52:  boot complete
10/23/22 21:58:  kiosk checked status
10/23/22 22:06:  waiting for network...
10/23/22 22:06:  server is active
10/23/22 22:06:  boot complete
10/23/22 22:08:  server is active
10/23/22 22:09:  server is active
10/23/22 22:10:  server is active
10/23/22 22:10:  server is active
10/23/22 22:11:  server is active
10/23/22 22:11:  server is active
10/23/22 22:12:  server is active
10/23/22 22:15:  kiosk enabled
10/23/22 22:15:  kiosk start
10/23/22 22:16:  kiosk checked status
10/23/22 22:17:  waiting for network...
10/23/22 22:17:  server is active
10/23/22 22:17:  boot complete
10/23/22 22:19:  kiosk checked status
10/23/22 22:19:  waiting for network...
10/23/22 22:19:  server is active
10/23/22 22:19:  boot complete
10/23/22 22:19:  waiting for network...
10/23/22 22:19:  server is active
10/23/22 22:19:  boot complete
10/23/22 22:19:  waiting for network...
10/23/22 22:19:  server is active
10/23/22 22:19:  boot complete
10/24/22 08:41:  waiting for network...
10/24/22 08:41:  server is active
10/24/22 08:41:  boot complete
10/24/22 08:59:  waiting for network...
10/24/22 08:59:  server is active
10/24/22 08:59:  boot complete
10/24/22 09:27:  kiosk checked status
10/24/22 09:27:  kiosk checked status
10/24/22 09:29:  opening server
10/24/22 09:31:  killed all php
10/24/22 09:31:  waiting for network...
10/24/22 09:31:  server is active
10/24/22 09:31:  boot complete
10/24/22 09:44:  command not found: kiosk
10/24/22 09:44:  kiosk checked status
10/24/22 09:46:  kiosk stopped
10/24/22 09:48:  kiosk enabled
10/24/22 09:48:  kiosk start
10/24/22 09:48:  kiosk checked status
10/24/22 10:20:  kiosk checked status
10/24/22 10:38:  waiting for network...
10/24/22 10:38:  server is active
10/24/22 10:38:  kiosk enabled
10/24/22 10:38:  boot complete
10/24/22 10:43:  kiosk checked status
10/24/22 10:43:  kiosk enabled
10/24/22 10:43:  kiosk checked status
10/24/22 10:44:  kiosk start
10/24/22 10:44:  kiosk checked status
10/24/22 10:44:  waiting for network...
10/24/22 10:44:  server is active
10/24/22 10:45:  kiosk enabled
10/24/22 10:45:  boot complete
10/24/22 10:56:  server is active
10/24/22 10:51:  waiting for network...
10/24/22 10:51:  server is active
10/24/22 10:51:  kiosk enabled
10/24/22 10:51:  boot complete
10/24/22 11:18:  waiting for network...
10/24/22 11:18:  server is active
10/24/22 11:18:  kiosk enabled
10/24/22 11:18:  boot complete
10/24/22 11:22:  waiting for network...
10/24/22 11:22:  server is active
10/24/22 11:22:  kiosk enabled
10/24/22 11:22:  boot complete
10/24/22 12:43:  server is active
